C51 COMPILER V9.54   STC_SOFT_IIC                                                          08/14/2018 15:34:00 PAGE 1   


C51 COMPILER V9.54, COMPILATION OF MODULE STC_SOFT_IIC
OBJECT MODULE PLACED IN .\Prj\KEIL\STC15_Debug\Obj\STC_soft_IIC.obj
COMPILER INVOKED BY: E:\program files\Keil C51 v5\C51\BIN\C51.EXE Chip\src\STC_soft_IIC.c LARGE OMF2 OPTIMIZE(9,SPEED) R
                    -EGFILE(.\Prj\KEIL\STC15_Debug\Obj\ѩ֮_STCƬ_v2.ORC) BROWSE MODP2 INCDIR(..\ĵ;.\App\Inc;.\Board\inc;.\Chip\In
                    -c;.\Chip\Inc\kinetis) DEBUG PRINT(.\Prj\KEIL\STC15_Debug\List\STC_soft_IIC.lst) TABS(2) OBJECT(.\Prj\KEIL\STC15_Debug\Ob
                    -j\STC_soft_IIC.obj)

line level    source

   1          #include "common.h"
   2          #include "STC_gpio.h"
   3          #include "STC_soft_IIC.h"
   4          
   5          /*!
   6           *  @brief    IICʼ
   7           *  @param    SCL_pxn  SCLӦ(Сд)
   8                        SDA_pxn  SDAӦ(Сд)
   9           *  @warning  ˳ʼǱҪӦΪֻǶIOڵĹģʽͳʼƽ˳ʼƬϵĬϵþ
             -ǷҪ
  10                        ˺зֵԳʼߵĵƽм⣬IICñ׼ظ1ظ0
  11                        ǵIICģʱҪϸߵִЧʣPORT_cfg.hж˿ΪдPxx
             -Ҫö˿ڹģʽʹСдpxx˿ڱʾͣбʾͲݣ
  12                        ʹô˺ʼIIC˿PORT_cfg.hеñһ£Ķ˿ر˫һ£
  13                        IIC豸ɹһϣֻ1·IICͨ
  14                        ٶ·#ifɣϵ豸ɽ1MHzϵʱӱ仯(ģʽ)д#if 1  
             -#if 0 ʵѡsystick_delay_us(x)xֵ(д0-ͨģʽ)
  15                        Ҫעٶ豸Ҫ
  16           *  @Sampleusage: IIC_init(p41 , p42);//P41ΪSCLߡP42ΪSDA
  17           */
  18          
  19          #if 0
               #define IIC_delay() _nop_()
              #else
  22           #define IIC_delay() systick_delay_us(1)
  23          #endif
  24          
  25          bool IIC_init(pxn_e SCL_pxn , pxn_e SDA_pxn)
  26          {
  27   1        gpio_init(SCL_pxn, WEAKPULLUP, 1);
  28   1        gpio_init(SDA_pxn, WEAKPULLUP, 1);
  29   1        _nop_();
  30   1        if (IIC_SCL && IIC_SDA) return true;
  31   1        else return false;
  32   1      }
  33          
  34          /*!
  35           *  @brief    IICź
  36           *  @param    
  37           *  @warning  źŷʧܣ˵ڱռãߴ
  38                        úΪIICЭ㣬ɸĶ(Żȷȫȶǰ´򻯡ռCPUʱС)
             -ⲿ
  39           *  @Sampleusage: IIC_Start();//ź
  40           */
  41          
  42          bool IIC_Start(void)
  43          {
  44   1        IIC_SCL = 1;//SCL = 1
  45   1        IIC_SDA = 1;//SDA = 1
  46   1        _nop_();
  47   1        if (IIC_SCL && IIC_SDA)//֤ڷźǰߴڿ״̬IIC_SDAIIC_SCLڸߵƽ״̬
  48   1        {
C51 COMPILER V9.54   STC_SOFT_IIC                                                          08/14/2018 15:34:00 PAGE 2   

  49   2          IIC_SDA = 0;//SDA = 0
  50   2          IIC_delay();
  51   2          if (IIC_SDA) return false;//δ
  52   2          else //
  53   2          {
  54   3            IIC_SCL = 0;//SCL = 0
  55   3            _nop_();
  56   3            if(IIC_SCL) return false;//ʱδ
  57   3            else return true; //ʱͣʼźŴ
  58   3          }
  59   2        }
  60   1        else return false;//δڿ״̬
  61   1      }
  62          
  63          /*!
  64           *  @brief    IICֹͣź
  65           *  @param    
  66           *  @warning  úΪIICЭ㣬ɸĶ(Żȷȫȶǰ´򻯡ռCPUʱС)
             -
  67           *  @Sampleusage: IIC_Stop();//ֹͣź
  68           */
  69          
  70          void IIC_Stop(void)
  71          {
  72   1        IIC_SCL = 0;//SCL = 0
  73   1        IIC_SDA = 0;//SDA = 0
  74   1        IIC_delay();
  75   1        IIC_SCL = 1;//SCL = 1
  76   1        IIC_delay();
  77   1        IIC_SDA = 1;//SDA = 1
  78   1      }
  79          
  80          /*!
  81           *  @brief    IICӦźţߴӻ㷢͸()յ
  82           *  @param    
  83           *  @warning  úΪIICЭ㣬ɸĶ(Żȷȫȶǰ´򻯡ռCPUʱС)
             -
  84           *  @Sampleusage: IIC_Ack();
  85           */
  86          
  87          void IIC_Ack(void)
  88          {
  89   1        IIC_SDA = 0;//SDA = 0
  90   1        IIC_delay();
  91   1        IIC_SCL = 1;//SCL = 1
  92   1        IIC_delay();
  93   1        IIC_SCL = 0;//SCL = 0
  94   1      }
  95          
  96          /*!
  97           *  @brief    IICջظӦźţߴӻ㷢͸()ûյ
  98           *  @param    
  99           *  @warning  úΪIICЭ㣬ɸĶ(Żȷȫȶǰ´򻯡ռCPUʱС)
             -
 100           *  @Sampleusage: IIC_NoAck();
 101           */
 102          
 103          void IIC_NoAck(void)
 104          {
 105   1        IIC_SDA = 1;//SDA = 1
 106   1        IIC_delay();
 107   1        IIC_SCL = 1;//SCL = 1
C51 COMPILER V9.54   STC_SOFT_IIC                                                          08/14/2018 15:34:00 PAGE 3   

 108   1        IIC_delay();
 109   1        IIC_SCL = 0;//SCL = 0
 110   1      }
 111          
 112          /*!
 113           *  @brief    IICӦź
 114           *  @param    
 115           *  @warning  úΪIICЭ㣬ɸĶ(Żȷȫȶǰ´򻯡ռCPUʱС)
             -
 116           *  @Sampleusage: IIC_GetAck();
 117           */
 118          
 119          bool IIC_GetAck(void)
 120          {
 121   1        IIC_SDA = 1;//SDA = 1
 122   1        IIC_delay();
 123   1        IIC_SCL = 1;//SCL = 1
 124   1        IIC_delay();
 125   1        if(IIC_SDA)//ӻظӦź
 126   1        {
 127   2          IIC_SCL = 0;//SCL = 0
 128   2          IIC_SDA = 0;//SDA = 0
 129   2          return false;//ӻմ֡ʧ
 130   2        }
 131   1        else //ӻظӦź
 132   1        {
 133   2          IIC_SDA = 0;//SDA = 0
 134   2          IIC_SCL = 0;//SCL = 0
 135   2          return true;//ӻմ֡ݳɹ
 136   2        }
 137   1      }
 138          
 139          /*!
 140           *  @brief    IIC8λ
 141           *  @param    
 142           *  @warning  IICЭڲĳ8ź
 143                        úΪIICЭ㣬ɸĶ(Żȷȫȶǰ´򻯡ռCPUʱС)
             -ⲿ
 144           *  @Sampleusage: IIC_SendByte(0x88)
 145           */
 146          
 147          void IIC_SendByte(uint8 x)
 148          {
 149   1        uint8 n=8;
 150   1        while(n--)
 151   1        {
 152   2          IIC_SCL = 0;//SCL = 0
 153   2          IIC_SDA = x & 0x80;//׼һλ
 154   2          x <<= 1;
 155   2          IIC_delay();
 156   2          IIC_SCL = 1;//SCL = 1
 157   2          IIC_delay();
 158   2        }
 159   1        IIC_SCL = 0;//SCL = 0
 160   1      }
 161          
 162          /*!
 163           *  @brief    IIC8λ
 164           *  @param    
 165           *  @warning  IICЭڲĳ8ź
 166                        úΪIICЭ㣬ɸĶ(Żȷȫȶǰ´򻯡ռCPUʱС)
             -ⲿ
C51 COMPILER V9.54   STC_SOFT_IIC                                                          08/14/2018 15:34:00 PAGE 4   

 167           *  @Sampleusage: IIC_ReceiveByte();
 168           */
 169          
 170          uint8 IIC_ReceiveByte(void)
 171          {
 172   1        uint8 n=8 , byte=0;
 173   1        IIC_SDA = 1;//SDA = 1
 174   1        while(n--)
 175   1        {
 176   2          byte <<= 1;
 177   2          IIC_SCL = 0;//SCL = 0
 178   2          IIC_delay();
 179   2          IIC_SCL = 1;//SCL = 1
 180   2          IIC_delay();
 181   2          byte |= IIC_SDA;
 182   2        }
 183   1        IIC_SCL = 0;//SCL = 0
 184   1        return byte;
 185   1      }
 186          
 187          /*!
 188           *  @brief    IICȴӻ׼ݣմӻ8λ
 189           *  @param    
 190           *  @warning  IICЭڲĳ8ź
 191                        úΪIICЭ㣬ɸĶ(Żȷȫȶǰ´򻯡ռCPUʱС)
             -ⲿ
 192           *  @Sampleusage: IIC_Wait_ReceiveByte();
 193           */
 194          
 195          uint8 IIC_Wait_ReceiveByte(void)
 196          {
 197   1        uint8 n=7 , byte=0;
 198   1        IIC_SDA = 1;//SDA = 1
 199   1        IIC_SCL = 0;//SCL = 0
 200   1        IIC_delay();
 201   1        IIC_SCL = 1;//SCL = 1
 202   1        while(!IIC_SCL);//ȴӻ׼Ҫ͵(ΪӻͷSCL)
 203   1        IIC_delay();
 204   1        byte |= IIC_SDA;
 205   1        while(n--)
 206   1        {
 207   2          byte <<= 1;
 208   2          IIC_SCL = 0;//SCL = 0
 209   2          IIC_delay();
 210   2          IIC_SCL = 1;//SCL = 1
 211   2          IIC_delay();
 212   2          byte |= IIC_SDA;
 213   2        }
 214   1        IIC_SCL = 0;//SCL = 0
 215   1        return byte;
 216   1      }
 217          
 218          /*!
 219           *  @brief    IICӻдĴָ
 220           *  @param    addr  ӻַ
 221                        reg   ҪļĴַ
 222                        Data  Ҫдӻ
 223           *  @warning  addrΪ豸7bitַʮƱʾ
 224                        úֻдһֽڵݣᷢIICźţʲܷͶֽ
 225                        úзֵжд1ֽڲǷɹ0-ʧܡ1-ɹ
 226           *  @Sampleusage: IIC_Write_Reg(0x1e , 0x00 , 0x10);
 227           */
C51 COMPILER V9.54   STC_SOFT_IIC                                                          08/14/2018 15:34:00 PAGE 5   

 228          
 229          bool IIC_Write_Reg(uint8 addr , uint8 reg , uint8 Data)
 230          {
 231   1        if (!IIC_Start()) return false;
 232   1        IIC_SendByte(addr << 1 | IIC_Direction_Transmitter);
 233   1        if (!IIC_GetAck())
 234   1        {
 235   2          IIC_Stop();
 236   2          return false;
 237   2        }
 238   1        IIC_SendByte(reg);
 239   1        if (!IIC_GetAck())
 240   1        {
 241   2          IIC_Stop();
 242   2          return false;
 243   2        }
 244   1        IIC_SendByte(Data);
 245   1        if (!IIC_GetAck())
 246   1        {
 247   2          IIC_Stop();
 248   2          return false;
 249   2        }
 250   1        IIC_Stop();
 251   1        return true;
 252   1      }
 253          
 254          /*!
 255           *  @brief    IICӻҪĴָ
 256           *  @param    addr  ӻַ
 257                        reg   ҪļĴַ
 258           *  @warning  addrΪ豸7bitַʮƱʾ
 259                        úֻܶһֽڵݣᷢIICźţʲܽնֽ
 260                        ע⣺úûоʲ֪ܵǷȷ߲ڿ
             -ɴȡٶ
 261           *  @Sampleusage: IIC_Read_Reg(0x1e , 0x00);
 262           */
 263          
 264          uint8 IIC_Read_Reg(uint8 addr , uint8 reg)
 265          {
 266   1        uint8 Data=0;
 267   1        IIC_Start();
 268   1        IIC_SendByte(addr << 1 | IIC_Direction_Transmitter);
 269   1        IIC_GetAck();
 270   1        IIC_SendByte(reg);
 271   1        IIC_GetAck();
 272   1        IIC_Stop();
 273   1        IIC_Start();
 274   1        IIC_SendByte(addr << 1 | IIC_Direction_Receiver);
 275   1        IIC_GetAck();
 276   1        Data = IIC_Wait_ReceiveByte();
 277   1        IIC_NoAck();
 278   1        IIC_Stop();
 279   1        return Data;
 280   1      }
 281          
 282          /*!
 283           *  @brief    ĳIICĳĴʼ(Ĵַ֧32λ)һ(֧255ֽ)
 284           *  @param    addr     IICַ
 285                        reg_wide Ĵַλ(ѡλ: bit_wide_8 , bit_wide_16 , bit_wide_32)
 286                        reg      ӦλļĴַ
 287                        len      Ҫ͵(λ:ֽ)
 288                        *Data    ׵ַ(ȡַ&뺯)
C51 COMPILER V9.54   STC_SOFT_IIC                                                          08/14/2018 15:34:00 PAGE 6   

 289           *  @warning  ĴλļĴַõλȡλ෢ͣʱIIC
 290                        ע鳤ȵƥ䣬Ҫʱʹsizeof()⴫
 291           *  @Sampleusage: IIC_Write(0x44 , bit_wide_8 , 0x20 , 1 , &Data);
 292           */
 293          
 294          bool IIC_Write(uint8 addr , bit_wide reg_wide , uint32 reg , uint8 len , uint8 *Data)
 295          {
 296   1        if (!IIC_Start()) return false;
 297   1        IIC_SendByte(addr << 1 | IIC_Direction_Transmitter);
 298   1        if (!IIC_GetAck())
 299   1        {
 300   2          IIC_Stop();
 301   2          return false;
 302   2        }
 303   1        while(reg_wide--)
 304   1        {
 305   2          IIC_SendByte(reg >> (8*reg_wide) & 0xff);
 306   2          if (!IIC_GetAck())
 307   2          {
 308   3            IIC_Stop();
 309   3            return false;
 310   3          }
 311   2        }
 312   1        while(len--)
 313   1        {
 314   2          IIC_SendByte(*Data++);
 315   2          if (!IIC_GetAck())
 316   2          {
 317   3            IIC_Stop();
 318   3            return false;
 319   3          }
 320   2        }
 321   1        IIC_Stop();
 322   1        return true;
 323   1      }
 324          
 325          /*!
 326           *  @brief    ĳIICĳĴʼ(Ĵַ֧32λ)һ(֧255ֽ)
 327           *  @param    addr     IICַ
 328                        reg_wide Ĵַλ(ѡλ: bit_wide_8 , bit_wide_16 , bit_wide_32)
 329                        reg      ӦλļĴַ
 330                        len      Ҫյ(λ:ֽ)
 331                        *Data    ׵ַ(ȡַ&뺯)
 332                        ʵһnΪӻظNoAckԴûгУΪãɸ
             -Ӧٶ뱾ѭʱе
 333           *  @warning  ĴλļĴַõλȡλ෢ͣʱIIC
 334                        ע鳤ȵƥ䣬峤Ӧ鿴IICֲᣡ
 335           *  @Sampleusage: IIC_Read(0x44 , bit_wide_16 , 0x2c06 , 6 , &BUF);
 336           */
 337          
 338          bool IIC_Read(uint8 addr , bit_wide reg_wide , uint32 reg , uint8 len , uint8 *buf)
 339          {
 340   1        uint8 n=10;//ӻظNoAckԴ
 341   1        if (!IIC_Start()) return false;
 342   1        IIC_SendByte(addr << 1 | IIC_Direction_Transmitter);
 343   1        if (!IIC_GetAck())
 344   1        {
 345   2          IIC_Stop();
 346   2          return false;
 347   2        }
 348   1        while(reg_wide--)
 349   1        {
C51 COMPILER V9.54   STC_SOFT_IIC                                                          08/14/2018 15:34:00 PAGE 7   

 350   2          IIC_SendByte(reg >> (8*reg_wide) & 0xff);
 351   2          if (!IIC_GetAck())
 352   2          {
 353   3            IIC_Stop();
 354   3            return false;
 355   3          }
 356   2        }
 357   1        IIC_Stop();
 358   1        while(n--)
 359   1        {
 360   2          if (!IIC_Start()) return false;
 361   2          IIC_SendByte(addr << 1 | IIC_Direction_Receiver);
 362   2          if (IIC_GetAck()) break;
 363   2          else IIC_Stop();
 364   2        }
 365   1        if(n==0) return false;
 366   1        *buf++ = IIC_Wait_ReceiveByte();
 367   1        len--;
 368   1        while(len--)
 369   1        {
 370   2          IIC_Ack();
 371   2          *buf++ = IIC_ReceiveByte();
 372   2        }
 373   1        IIC_NoAck();
 374   1        IIC_Stop();
 375   1        return true;
 376   1      }


MODULE INFORMATION:   STATIC OVERLAYABLE
   CODE SIZE        =    697    ----
   CONSTANT SIZE    =   ----    ----
   XDATA SIZE       =   ----      21
   PDATA SIZE       =   ----    ----
   DATA SIZE        =   ----    ----
   IDATA SIZE       =   ----    ----
   BIT SIZE         =   ----    ----
   EDATA SIZE       =   ----    ----
   HDATA SIZE       =   ----    ----
   XDATA CONST SIZE =   ----    ----
   FAR CONST SIZE   =   ----    ----
END OF MODULE INFORMATION.


C51 COMPILATION COMPLETE.  0 WARNING(S),  0 ERROR(S)
